
Showing logs for build [32mvicky-socs-environment-non-prod-d9pqs-1[0m stage [32mfrom-build-pack[0m and container [32mstep-credential-initializer-9fkwb[0m
{"level":"warn","ts":1584613097.9465208,"logger":"fallback-logger","caller":"logging/config.go:69","msg":"Fetch GitHub commit ID from kodata failed: \"ref: refs/heads/0.8.0-**-support-backwards-incompats\" is not a valid GitHub commit ID"}
{"level":"info","ts":1584613097.946875,"logger":"fallback-logger","caller":"creds-init/main.go:40","msg":"Credentials initialized."}

Showing logs for build [32mvicky-socs-environment-non-prod-d9pqs-1[0m stage [32mfrom-build-pack[0m and container [32mstep-working-dir-initializer-xd2wm[0m
{"level":"warn","ts":1584613099.0393562,"logger":"fallback-logger","caller":"logging/config.go:69","msg":"Fetch GitHub commit ID from kodata failed: open /var/run/ko/HEAD: no such file or directory"}
{"level":"info","ts":1584613099.0451798,"logger":"fallback-logger","caller":"bash/main.go:64","msg":"Successfully executed command \"sh -c mkdir -p /workspace/source\"; output "}

Showing logs for build [32mvicky-socs-environment-non-prod-d9pqs-1[0m stage [32mfrom-build-pack[0m and container [32mstep-place-tools[0m

Showing logs for build [32mvicky-socs-environment-non-prod-d9pqs-1[0m stage [32mfrom-build-pack[0m and container [32mstep-git-source-vicky-socs-environment-non-prod-d9pqs-gj5h5[0m
{"level":"warn","ts":1584613102.150417,"logger":"fallback-logger","caller":"logging/config.go:69","msg":"Fetch GitHub commit ID from kodata failed: \"ref: refs/heads/0.8.0-**-support-backwards-incompats\" is not a valid GitHub commit ID"}
{"level":"info","ts":1584613104.0433714,"logger":"fallback-logger","caller":"git/git.go:103","msg":"Successfully cloned https://github.com/vicky-socs/environment-non-prod-cluster-production.git @ master in path /workspace/source"}

Showing logs for build [32mvicky-socs-environment-non-prod-d9pqs-1[0m stage [32mfrom-build-pack[0m and container [32mstep-git-merge[0m
Using SHAs from PULL_REFS=master:4b4ee0eee3d4c7b2fea558f1fcdccd329b797af0,5:e59f7b516f534fb5bc316166e540434febc9c7ed
DEBUG: JX_LOG_LEVEL=error LC_ALL=C git fetch origin --unshallow e59f7b516f534fb5bc316166e540434febc9c7ed: 4b4ee0eee3d4c7b2fea558f1fcdccd329b797af0:
DEBUG: ran git fetch --unshallow origin e59f7b516f534fb5bc316166e540434febc9c7ed: 4b4ee0eee3d4c7b2fea558f1fcdccd329b797af0: in 
DEBUG: JX_LOG_LEVEL=error LC_ALL=C git branch
DEBUG: LC_ALL=C JX_LOG_LEVEL=error git checkout master
DEBUG: ran git checkout master in 
DEBUG: LC_ALL=C JX_LOG_LEVEL=error git reset --hard 4b4ee0eee3d4c7b2fea558f1fcdccd329b797af0
DEBUG: ran git reset --hard 4b4ee0eee3d4c7b2fea558f1fcdccd329b797af0 in 
DEBUG: LC_ALL=C JX_LOG_LEVEL=error git clean -fd .
DEBUG: ran clean --force -d . in 
DEBUG: LC_ALL=C JX_LOG_LEVEL=error git merge e59f7b516f534fb5bc316166e540434febc9c7ed
DEBUG: ran git merge e59f7b516f534fb5bc316166e540434febc9c7ed in 
DEBUG: LC_ALL=C JX_LOG_LEVEL=error git log --format=%H%x1f%an%x1f%ae%x1f%cn%x1f%ce%x1f%s%n%b%x1e 4b4ee0eee3d4c7b2fea558f1fcdccd329b797af0..HEAD
Merged SHA e59f7b516f534fb5bc316166e540434febc9c7ed with commit message 'chore: Promote test-python-jenkinsx to version 0.0.12' into base branch master

Showing logs for build [32mvicky-socs-environment-non-prod-d9pqs-1[0m stage [32mfrom-build-pack[0m and container [32mstep-build-helm-build[0m
WARNING: No $CHART_REPOSITORY defined so using the default value of: http://jenkins-x-chartmuseum:8080
Adding missing Helm repo: storage.googleapis.com https://storage.googleapis.com/chartmuseum.jenkins-x.io
Successfully added Helm repository storage.googleapis.com.
Adding missing Helm repo: jenkins-x-chartmuseum http://jenkins-x-chartmuseum:8080
Successfully added Helm repository jenkins-x-chartmuseum.
WARNING: No $CHART_REPOSITORY defined so using the default value of: http://jenkins-x-chartmuseum:8080
Adding missing Helm repo: chartmuseum.jenkins-x.io http://chartmuseum.jenkins-x.io
Successfully added Helm repository chartmuseum.jenkins-x.io.
