
Showing logs for build [32mvicky-socs-environment-non-prod-9nrss-1[0m stage [32mfrom-build-pack[0m and container [32mstep-credential-initializer-mrrng[0m
{"level":"warn","ts":1584601931.4764822,"logger":"fallback-logger","caller":"logging/config.go:69","msg":"Fetch GitHub commit ID from kodata failed: \"ref: refs/heads/0.8.0-**-support-backwards-incompats\" is not a valid GitHub commit ID"}
{"level":"info","ts":1584601931.4767687,"logger":"fallback-logger","caller":"creds-init/main.go:40","msg":"Credentials initialized."}

Showing logs for build [32mvicky-socs-environment-non-prod-9nrss-1[0m stage [32mfrom-build-pack[0m and container [32mstep-working-dir-initializer-664pq[0m
{"level":"warn","ts":1584601932.4698694,"logger":"fallback-logger","caller":"logging/config.go:69","msg":"Fetch GitHub commit ID from kodata failed: open /var/run/ko/HEAD: no such file or directory"}
{"level":"info","ts":1584601932.4742727,"logger":"fallback-logger","caller":"bash/main.go:64","msg":"Successfully executed command \"sh -c mkdir -p /workspace/source\"; output "}

Showing logs for build [32mvicky-socs-environment-non-prod-9nrss-1[0m stage [32mfrom-build-pack[0m and container [32mstep-place-tools[0m

Showing logs for build [32mvicky-socs-environment-non-prod-9nrss-1[0m stage [32mfrom-build-pack[0m and container [32mstep-git-source-vicky-socs-environment-non-prod-9nrss-f4mjs[0m
{"level":"warn","ts":1584601954.688966,"logger":"fallback-logger","caller":"logging/config.go:69","msg":"Fetch GitHub commit ID from kodata failed: \"ref: refs/heads/0.8.0-**-support-backwards-incompats\" is not a valid GitHub commit ID"}
{"level":"info","ts":1584601956.796992,"logger":"fallback-logger","caller":"git/git.go:103","msg":"Successfully cloned https://github.com/vicky-socs/environment-non-prod-cluster-production.git @ master in path /workspace/source"}

Showing logs for build [32mvicky-socs-environment-non-prod-9nrss-1[0m stage [32mfrom-build-pack[0m and container [32mstep-git-merge[0m
Using SHAs from PULL_REFS=master:7ebe03e885e7c687f51b38eb169038b0d7f89cde,4:1486e217aca8561973ffc3a3ac979fe7dd1eb6e4
DEBUG: JX_LOG_LEVEL=error LC_ALL=C git fetch origin --unshallow 1486e217aca8561973ffc3a3ac979fe7dd1eb6e4: 7ebe03e885e7c687f51b38eb169038b0d7f89cde:
DEBUG: ran git fetch --unshallow origin 1486e217aca8561973ffc3a3ac979fe7dd1eb6e4: 7ebe03e885e7c687f51b38eb169038b0d7f89cde: in 
DEBUG: LC_ALL=C JX_LOG_LEVEL=error git branch
DEBUG: LC_ALL=C JX_LOG_LEVEL=error git checkout master
DEBUG: ran git checkout master in 
DEBUG: LC_ALL=C JX_LOG_LEVEL=error git reset --hard 7ebe03e885e7c687f51b38eb169038b0d7f89cde
DEBUG: ran git reset --hard 7ebe03e885e7c687f51b38eb169038b0d7f89cde in 
DEBUG: LC_ALL=C JX_LOG_LEVEL=error git clean -fd .
DEBUG: ran clean --force -d . in 
DEBUG: JX_LOG_LEVEL=error LC_ALL=C git merge 1486e217aca8561973ffc3a3ac979fe7dd1eb6e4
DEBUG: ran git merge 1486e217aca8561973ffc3a3ac979fe7dd1eb6e4 in 
DEBUG: LC_ALL=C JX_LOG_LEVEL=error git log --format=%H%x1f%an%x1f%ae%x1f%cn%x1f%ce%x1f%s%n%b%x1e 7ebe03e885e7c687f51b38eb169038b0d7f89cde..HEAD
Merged SHA 1486e217aca8561973ffc3a3ac979fe7dd1eb6e4 with commit message 'chore: Promote test-python-jenkinsx to version 0.0.13' into base branch master

Showing logs for build [32mvicky-socs-environment-non-prod-9nrss-1[0m stage [32mfrom-build-pack[0m and container [32mstep-build-helm-build[0m
WARNING: No $CHART_REPOSITORY defined so using the default value of: http://jenkins-x-chartmuseum:8080
Adding missing Helm repo: storage.googleapis.com https://storage.googleapis.com/chartmuseum.jenkins-x.io
Successfully added Helm repository storage.googleapis.com.
Adding missing Helm repo: jenkins-x-chartmuseum http://jenkins-x-chartmuseum:8080
Successfully added Helm repository jenkins-x-chartmuseum.
WARNING: No $CHART_REPOSITORY defined so using the default value of: http://jenkins-x-chartmuseum:8080
Adding missing Helm repo: chartmuseum.jenkins-x.io http://chartmuseum.jenkins-x.io
Successfully added Helm repository chartmuseum.jenkins-x.io.
