
Showing logs for build [32mvicky-socs-environment-non-prod-n59vw-1[0m stage [32mfrom-build-pack[0m and container [32mstep-credential-initializer-9cnlt[0m
{"level":"warn","ts":1584613580.9013927,"logger":"fallback-logger","caller":"logging/config.go:69","msg":"Fetch GitHub commit ID from kodata failed: \"ref: refs/heads/0.8.0-**-support-backwards-incompats\" is not a valid GitHub commit ID"}
{"level":"info","ts":1584613580.9016824,"logger":"fallback-logger","caller":"creds-init/main.go:40","msg":"Credentials initialized."}

Showing logs for build [32mvicky-socs-environment-non-prod-n59vw-1[0m stage [32mfrom-build-pack[0m and container [32mstep-working-dir-initializer-qg9tw[0m
{"level":"warn","ts":1584613581.926854,"logger":"fallback-logger","caller":"logging/config.go:69","msg":"Fetch GitHub commit ID from kodata failed: open /var/run/ko/HEAD: no such file or directory"}
{"level":"info","ts":1584613581.9286442,"logger":"fallback-logger","caller":"bash/main.go:64","msg":"Successfully executed command \"sh -c mkdir -p /workspace/source\"; output "}

Showing logs for build [32mvicky-socs-environment-non-prod-n59vw-1[0m stage [32mfrom-build-pack[0m and container [32mstep-place-tools[0m

Showing logs for build [32mvicky-socs-environment-non-prod-n59vw-1[0m stage [32mfrom-build-pack[0m and container [32mstep-git-source-vicky-socs-environment-non-prod-n59vw-fgl44[0m
{"level":"warn","ts":1584613585.0701678,"logger":"fallback-logger","caller":"logging/config.go:69","msg":"Fetch GitHub commit ID from kodata failed: \"ref: refs/heads/0.8.0-**-support-backwards-incompats\" is not a valid GitHub commit ID"}
{"level":"info","ts":1584613587.0501602,"logger":"fallback-logger","caller":"git/git.go:103","msg":"Successfully cloned https://github.com/vicky-socs/environment-non-prod-cluster-production.git @ master in path /workspace/source"}

Showing logs for build [32mvicky-socs-environment-non-prod-n59vw-1[0m stage [32mfrom-build-pack[0m and container [32mstep-git-merge[0m
Using SHAs from PULL_REFS=master:0e93d114b334dbb25fd523c593a5937d7e779278,6:dc18b524c2644c4018ef1153457320055bff3985
DEBUG: JX_LOG_LEVEL=error LC_ALL=C git fetch origin --unshallow dc18b524c2644c4018ef1153457320055bff3985: 0e93d114b334dbb25fd523c593a5937d7e779278:
DEBUG: ran git fetch --unshallow origin dc18b524c2644c4018ef1153457320055bff3985: 0e93d114b334dbb25fd523c593a5937d7e779278: in 
DEBUG: LC_ALL=C JX_LOG_LEVEL=error git branch
DEBUG: LC_ALL=C JX_LOG_LEVEL=error git checkout master
DEBUG: ran git checkout master in 
DEBUG: LC_ALL=C JX_LOG_LEVEL=error git reset --hard 0e93d114b334dbb25fd523c593a5937d7e779278
DEBUG: ran git reset --hard 0e93d114b334dbb25fd523c593a5937d7e779278 in 
DEBUG: LC_ALL=C JX_LOG_LEVEL=error git clean -fd .
DEBUG: ran clean --force -d . in 
DEBUG: LC_ALL=C JX_LOG_LEVEL=error git merge dc18b524c2644c4018ef1153457320055bff3985
DEBUG: ran git merge dc18b524c2644c4018ef1153457320055bff3985 in 
DEBUG: LC_ALL=C JX_LOG_LEVEL=error git log --format=%H%x1f%an%x1f%ae%x1f%cn%x1f%ce%x1f%s%n%b%x1e 0e93d114b334dbb25fd523c593a5937d7e779278..HEAD
Merged SHA dc18b524c2644c4018ef1153457320055bff3985 with commit message 'chore: Promote test-python-jenkinsx to version 0.0.15' into base branch master

Showing logs for build [32mvicky-socs-environment-non-prod-n59vw-1[0m stage [32mfrom-build-pack[0m and container [32mstep-build-helm-build[0m
WARNING: No $CHART_REPOSITORY defined so using the default value of: http://jenkins-x-chartmuseum:8080
Adding missing Helm repo: storage.googleapis.com https://storage.googleapis.com/chartmuseum.jenkins-x.io
Successfully added Helm repository storage.googleapis.com.
Adding missing Helm repo: jenkins-x-chartmuseum http://jenkins-x-chartmuseum:8080
Successfully added Helm repository jenkins-x-chartmuseum.
WARNING: No $CHART_REPOSITORY defined so using the default value of: http://jenkins-x-chartmuseum:8080
Adding missing Helm repo: chartmuseum.jenkins-x.io http://chartmuseum.jenkins-x.io
Successfully added Helm repository chartmuseum.jenkins-x.io.
