
Showing logs for build [32mvicky-socs-environment-non-prod-bwpbj-1[0m stage [32mfrom-build-pack[0m and container [32mstep-credential-initializer-8nj28[0m
{"level":"warn","ts":1584600328.9454606,"logger":"fallback-logger","caller":"logging/config.go:69","msg":"Fetch GitHub commit ID from kodata failed: \"ref: refs/heads/0.8.0-**-support-backwards-incompats\" is not a valid GitHub commit ID"}
{"level":"info","ts":1584600328.9481866,"logger":"fallback-logger","caller":"creds-init/main.go:40","msg":"Credentials initialized."}

Showing logs for build [32mvicky-socs-environment-non-prod-bwpbj-1[0m stage [32mfrom-build-pack[0m and container [32mstep-working-dir-initializer-wps5w[0m
{"level":"warn","ts":1584600329.5196714,"logger":"fallback-logger","caller":"logging/config.go:69","msg":"Fetch GitHub commit ID from kodata failed: open /var/run/ko/HEAD: no such file or directory"}
{"level":"info","ts":1584600329.5253518,"logger":"fallback-logger","caller":"bash/main.go:64","msg":"Successfully executed command \"sh -c mkdir -p /workspace/source\"; output "}

Showing logs for build [32mvicky-socs-environment-non-prod-bwpbj-1[0m stage [32mfrom-build-pack[0m and container [32mstep-place-tools[0m

Showing logs for build [32mvicky-socs-environment-non-prod-bwpbj-1[0m stage [32mfrom-build-pack[0m and container [32mstep-git-source-vicky-socs-environment-non-prod-bwpbj-cw6m4[0m
{"level":"warn","ts":1584600366.557396,"logger":"fallback-logger","caller":"logging/config.go:69","msg":"Fetch GitHub commit ID from kodata failed: \"ref: refs/heads/0.8.0-**-support-backwards-incompats\" is not a valid GitHub commit ID"}
{"level":"info","ts":1584600368.6733532,"logger":"fallback-logger","caller":"git/git.go:103","msg":"Successfully cloned https://github.com/vicky-socs/environment-non-prod-cluster-production.git @ master in path /workspace/source"}

Showing logs for build [32mvicky-socs-environment-non-prod-bwpbj-1[0m stage [32mfrom-build-pack[0m and container [32mstep-git-merge[0m
Using SHAs from PULL_REFS=master:2a084f56f6aaf7fe77cd65ffd57380708be7caba,3:65c991cc62957d475b5be0447db4e8c9f0a1016c
DEBUG: JX_LOG_LEVEL=error LC_ALL=C git fetch origin --unshallow 65c991cc62957d475b5be0447db4e8c9f0a1016c: 2a084f56f6aaf7fe77cd65ffd57380708be7caba:
DEBUG: ran git fetch --unshallow origin 65c991cc62957d475b5be0447db4e8c9f0a1016c: 2a084f56f6aaf7fe77cd65ffd57380708be7caba: in 
DEBUG: LC_ALL=C JX_LOG_LEVEL=error git branch
DEBUG: LC_ALL=C JX_LOG_LEVEL=error git checkout master
DEBUG: ran git checkout master in 
DEBUG: LC_ALL=C JX_LOG_LEVEL=error git reset --hard 2a084f56f6aaf7fe77cd65ffd57380708be7caba
DEBUG: ran git reset --hard 2a084f56f6aaf7fe77cd65ffd57380708be7caba in 
DEBUG: LC_ALL=C JX_LOG_LEVEL=error git clean -fd .
DEBUG: ran clean --force -d . in 
DEBUG: LC_ALL=C JX_LOG_LEVEL=error git merge 65c991cc62957d475b5be0447db4e8c9f0a1016c
DEBUG: ran git merge 65c991cc62957d475b5be0447db4e8c9f0a1016c in 
DEBUG: LC_ALL=C JX_LOG_LEVEL=error git log --format=%H%x1f%an%x1f%ae%x1f%cn%x1f%ce%x1f%s%n%b%x1e 2a084f56f6aaf7fe77cd65ffd57380708be7caba..HEAD
Merged SHA 65c991cc62957d475b5be0447db4e8c9f0a1016c with commit message 'chore: Promote test-python-jenkinsx to version 0.0.12' into base branch master

Showing logs for build [32mvicky-socs-environment-non-prod-bwpbj-1[0m stage [32mfrom-build-pack[0m and container [32mstep-build-helm-build[0m
WARNING: No $CHART_REPOSITORY defined so using the default value of: http://jenkins-x-chartmuseum:8080
Adding missing Helm repo: storage.googleapis.com https://storage.googleapis.com/chartmuseum.jenkins-x.io
Successfully added Helm repository storage.googleapis.com.
Adding missing Helm repo: jenkins-x-chartmuseum http://jenkins-x-chartmuseum:8080
Successfully added Helm repository jenkins-x-chartmuseum.
WARNING: No $CHART_REPOSITORY defined so using the default value of: http://jenkins-x-chartmuseum:8080
Adding missing Helm repo: chartmuseum.jenkins-x.io http://chartmuseum.jenkins-x.io
Successfully added Helm repository chartmuseum.jenkins-x.io.
