
Showing logs for build [32mvicky-socs-environment-non-prod-kzvxp-1[0m stage [32mfrom-build-pack[0m and container [32mstep-credential-initializer-qxmcg[0m
{"level":"warn","ts":1584538517.50346,"logger":"fallback-logger","caller":"logging/config.go:69","msg":"Fetch GitHub commit ID from kodata failed: \"ref: refs/heads/0.8.0-**-support-backwards-incompats\" is not a valid GitHub commit ID"}
{"level":"info","ts":1584538517.5071409,"logger":"fallback-logger","caller":"creds-init/main.go:40","msg":"Credentials initialized."}

Showing logs for build [32mvicky-socs-environment-non-prod-kzvxp-1[0m stage [32mfrom-build-pack[0m and container [32mstep-working-dir-initializer-cggk9[0m
{"level":"warn","ts":1584538518.725397,"logger":"fallback-logger","caller":"logging/config.go:69","msg":"Fetch GitHub commit ID from kodata failed: open /var/run/ko/HEAD: no such file or directory"}
{"level":"info","ts":1584538518.7334435,"logger":"fallback-logger","caller":"bash/main.go:64","msg":"Successfully executed command \"sh -c mkdir -p /workspace/source\"; output "}

Showing logs for build [32mvicky-socs-environment-non-prod-kzvxp-1[0m stage [32mfrom-build-pack[0m and container [32mstep-place-tools[0m

Showing logs for build [32mvicky-socs-environment-non-prod-kzvxp-1[0m stage [32mfrom-build-pack[0m and container [32mstep-git-source-vicky-socs-environment-non-prod-kzvxp-qx6qn[0m
{"level":"warn","ts":1584538521.8527362,"logger":"fallback-logger","caller":"logging/config.go:69","msg":"Fetch GitHub commit ID from kodata failed: \"ref: refs/heads/0.8.0-**-support-backwards-incompats\" is not a valid GitHub commit ID"}
{"level":"info","ts":1584538524.0105212,"logger":"fallback-logger","caller":"git/git.go:103","msg":"Successfully cloned https://github.com/vicky-socs/environment-non-prod-cluster-production.git @ master in path /workspace/source"}

Showing logs for build [32mvicky-socs-environment-non-prod-kzvxp-1[0m stage [32mfrom-build-pack[0m and container [32mstep-git-merge[0m
Using SHAs from PULL_REFS=master:b40e6b96c7e33f1f0467c02d8dd8961615d43b56,2:aab6f8b66827546d7bf64c6ef05332590fc6232c
DEBUG: LC_ALL=C JX_LOG_LEVEL=error git fetch origin --unshallow aab6f8b66827546d7bf64c6ef05332590fc6232c: b40e6b96c7e33f1f0467c02d8dd8961615d43b56:
DEBUG: ran git fetch --unshallow origin aab6f8b66827546d7bf64c6ef05332590fc6232c: b40e6b96c7e33f1f0467c02d8dd8961615d43b56: in 
DEBUG: LC_ALL=C JX_LOG_LEVEL=error git branch
DEBUG: LC_ALL=C JX_LOG_LEVEL=error git checkout master
DEBUG: ran git checkout master in 
DEBUG: JX_LOG_LEVEL=error LC_ALL=C git reset --hard b40e6b96c7e33f1f0467c02d8dd8961615d43b56
DEBUG: ran git reset --hard b40e6b96c7e33f1f0467c02d8dd8961615d43b56 in 
DEBUG: JX_LOG_LEVEL=error LC_ALL=C git clean -fd .
DEBUG: ran clean --force -d . in 
DEBUG: LC_ALL=C JX_LOG_LEVEL=error git merge aab6f8b66827546d7bf64c6ef05332590fc6232c
DEBUG: ran git merge aab6f8b66827546d7bf64c6ef05332590fc6232c in 
DEBUG: LC_ALL=C JX_LOG_LEVEL=error git log --format=%H%x1f%an%x1f%ae%x1f%cn%x1f%ce%x1f%s%n%b%x1e b40e6b96c7e33f1f0467c02d8dd8961615d43b56..HEAD
Merged SHA aab6f8b66827546d7bf64c6ef05332590fc6232c with commit message 'chore: Promote test-python-jenkinsx to version 0.0.11' into base branch master

Showing logs for build [32mvicky-socs-environment-non-prod-kzvxp-1[0m stage [32mfrom-build-pack[0m and container [32mstep-build-helm-build[0m
WARNING: No $CHART_REPOSITORY defined so using the default value of: http://jenkins-x-chartmuseum:8080
Adding missing Helm repo: storage.googleapis.com https://storage.googleapis.com/chartmuseum.jenkins-x.io
Successfully added Helm repository storage.googleapis.com.
Adding missing Helm repo: jenkins-x-chartmuseum http://jenkins-x-chartmuseum:8080
Successfully added Helm repository jenkins-x-chartmuseum.
WARNING: No $CHART_REPOSITORY defined so using the default value of: http://jenkins-x-chartmuseum:8080
Adding missing Helm repo: chartmuseum.jenkins-x.io http://chartmuseum.jenkins-x.io
Successfully added Helm repository chartmuseum.jenkins-x.io.
