
Showing logs for build [32mvicky-socs-environment-non-prod-tg6p7-2[0m stage [32mfrom-build-pack[0m and container [32mstep-credential-initializer-kqcch[0m
{"level":"warn","ts":1584538658.8655663,"logger":"fallback-logger","caller":"logging/config.go:69","msg":"Fetch GitHub commit ID from kodata failed: \"ref: refs/heads/0.8.0-**-support-backwards-incompats\" is not a valid GitHub commit ID"}
{"level":"info","ts":1584538658.8658502,"logger":"fallback-logger","caller":"creds-init/main.go:40","msg":"Credentials initialized."}

Showing logs for build [32mvicky-socs-environment-non-prod-tg6p7-2[0m stage [32mfrom-build-pack[0m and container [32mstep-working-dir-initializer-74flh[0m
{"level":"warn","ts":1584538660.0981886,"logger":"fallback-logger","caller":"logging/config.go:69","msg":"Fetch GitHub commit ID from kodata failed: open /var/run/ko/HEAD: no such file or directory"}
{"level":"info","ts":1584538660.0995388,"logger":"fallback-logger","caller":"bash/main.go:64","msg":"Successfully executed command \"sh -c mkdir -p /workspace/source\"; output "}

Showing logs for build [32mvicky-socs-environment-non-prod-tg6p7-2[0m stage [32mfrom-build-pack[0m and container [32mstep-place-tools[0m

Showing logs for build [32mvicky-socs-environment-non-prod-tg6p7-2[0m stage [32mfrom-build-pack[0m and container [32mstep-git-source-vicky-socs-environment-non-prod-tg6p7-7dght[0m
{"level":"warn","ts":1584538665.2379777,"logger":"fallback-logger","caller":"logging/config.go:69","msg":"Fetch GitHub commit ID from kodata failed: \"ref: refs/heads/0.8.0-**-support-backwards-incompats\" is not a valid GitHub commit ID"}
{"level":"info","ts":1584538667.2026346,"logger":"fallback-logger","caller":"git/git.go:103","msg":"Successfully cloned https://github.com/vicky-socs/environment-non-prod-cluster-production.git @ master in path /workspace/source"}

Showing logs for build [32mvicky-socs-environment-non-prod-tg6p7-2[0m stage [32mfrom-build-pack[0m and container [32mstep-git-merge[0m
Using SHAs from PULL_REFS=master:2a084f56f6aaf7fe77cd65ffd57380708be7caba,2:aab6f8b66827546d7bf64c6ef05332590fc6232c
DEBUG: LC_ALL=C JX_LOG_LEVEL=error git fetch origin --unshallow aab6f8b66827546d7bf64c6ef05332590fc6232c: 2a084f56f6aaf7fe77cd65ffd57380708be7caba:
DEBUG: ran git fetch --unshallow origin aab6f8b66827546d7bf64c6ef05332590fc6232c: 2a084f56f6aaf7fe77cd65ffd57380708be7caba: in 
DEBUG: LC_ALL=C JX_LOG_LEVEL=error git branch
DEBUG: LC_ALL=C JX_LOG_LEVEL=error git checkout master
DEBUG: ran git checkout master in 
DEBUG: LC_ALL=C JX_LOG_LEVEL=error git reset --hard 2a084f56f6aaf7fe77cd65ffd57380708be7caba
DEBUG: ran git reset --hard 2a084f56f6aaf7fe77cd65ffd57380708be7caba in 
DEBUG: LC_ALL=C JX_LOG_LEVEL=error git clean -fd .
DEBUG: ran clean --force -d . in 
DEBUG: LC_ALL=C JX_LOG_LEVEL=error git merge aab6f8b66827546d7bf64c6ef05332590fc6232c
DEBUG: ran git merge aab6f8b66827546d7bf64c6ef05332590fc6232c in 
DEBUG: LC_ALL=C JX_LOG_LEVEL=error git log --format=%H%x1f%an%x1f%ae%x1f%cn%x1f%ce%x1f%s%n%b%x1e 2a084f56f6aaf7fe77cd65ffd57380708be7caba..HEAD

Showing logs for build [32mvicky-socs-environment-non-prod-tg6p7-2[0m stage [32mfrom-build-pack[0m and container [32mstep-build-helm-build[0m
WARNING: No $CHART_REPOSITORY defined so using the default value of: http://jenkins-x-chartmuseum:8080
Adding missing Helm repo: storage.googleapis.com https://storage.googleapis.com/chartmuseum.jenkins-x.io
Successfully added Helm repository storage.googleapis.com.
Adding missing Helm repo: jenkins-x-chartmuseum http://jenkins-x-chartmuseum:8080
Successfully added Helm repository jenkins-x-chartmuseum.
WARNING: No $CHART_REPOSITORY defined so using the default value of: http://jenkins-x-chartmuseum:8080
Adding missing Helm repo: chartmuseum.jenkins-x.io http://chartmuseum.jenkins-x.io
Successfully added Helm repository chartmuseum.jenkins-x.io.
